  pch.cpp
  CFileFindEx.cpp
D:\mfc_src\SearchFile\CFileFindEx.h(7,52): error C2440: '기본 인수': 'const char [2]'에서 'CString'(으)로 변환할 수 없습니다.
D:\mfc_src\SearchFile\CFileFindEx.h(7,52): message : class 'ATL::CStringT<wchar_t,StrTraitMFC_DLL<wchar_t,ATL::ChTraitsCRT<wchar_t>>>'의 생성자가 'explicit'으로 선언되었습니다.
D:\mfc_src\SearchFile\CFileFindEx.cpp(9,5): error C2664: 'void ATL::CStringT<wchar_t,StrTraitMFC_DLL<wchar_t,ATL::ChTraitsCRT<wchar_t>>>::Format(UINT,...)': 인수 1을(를) 'const char [30]'에서 'const wchar_t *'(으)로 변환할 수 없습니다.
D:\mfc_src\SearchFile\CFileFindEx.cpp(9,13): message : 가리킨 형식이 관련이 없습니다. 변환하려면 reinterpret_cast, C 스타일 캐스트 또는 함수 스타일 캐스트가 필요합니다.
C:\Program Files (x86)\Microsoft Visual Studio\2019\Community\VC\Tools\MSVC\14.25.28610\atlmfc\include\cstringt.h(2182,15): message : 'ATL::CStringT<wchar_t,StrTraitMFC_DLL<wchar_t,ATL::ChTraitsCRT<wchar_t>>>::Format' 선언을 참조하십시오.
D:\mfc_src\SearchFile\CFileFindEx.cpp(18,31): error C2664: 'void ATL::CStringT<wchar_t,StrTraitMFC_DLL<wchar_t,ATL::ChTraitsCRT<wchar_t>>>::Format(UINT,...)': 인수 1을(를) 'const char [4]'에서 'const wchar_t *'(으)로 변환할 수 없습니다.
D:\mfc_src\SearchFile\CFileFindEx.cpp(18,13): message : 가리킨 형식이 관련이 없습니다. 변환하려면 reinterpret_cast, C 스타일 캐스트 또는 함수 스타일 캐스트가 필요합니다.
C:\Program Files (x86)\Microsoft Visual Studio\2019\Community\VC\Tools\MSVC\14.25.28610\atlmfc\include\cstringt.h(2182,15): message : 'ATL::CStringT<wchar_t,StrTraitMFC_DLL<wchar_t,ATL::ChTraitsCRT<wchar_t>>>::Format' 선언을 참조하십시오.
  CListCtrlEx.cpp
  SearchFile.cpp
  SearchFileDlg.cpp
D:\mfc_src\SearchFile\CFileFindEx.h(7,52): error C2440: '기본 인수': 'const char [2]'에서 'CString'(으)로 변환할 수 없습니다.
D:\mfc_src\SearchFile\CFileFindEx.h(7,52): message : class 'ATL::CStringT<wchar_t,StrTraitMFC_DLL<wchar_t,ATL::ChTraitsCRT<wchar_t>>>'의 생성자가 'explicit'으로 선언되었습니다.
D:\mfc_src\SearchFile\SearchFileDlg.cpp(122,56): error C2664: 'int CListCtrl::InsertColumn(int,LPCTSTR,int,int,int)': 인수 2을(를) 'const char [5]'에서 'LPCTSTR'(으)로 변환할 수 없습니다.
D:\mfc_src\SearchFile\SearchFileDlg.cpp(122,30): message : 가리킨 형식이 관련이 없습니다. 변환하려면 reinterpret_cast, C 스타일 캐스트 또는 함수 스타일 캐스트가 필요합니다.
C:\Program Files (x86)\Microsoft Visual Studio\2019\Community\VC\Tools\MSVC\14.25.28610\atlmfc\include\afxcmn.h(531,6): message : 'CListCtrl::InsertColumn' 선언을 참조하십시오.
D:\mfc_src\SearchFile\SearchFileDlg.cpp(123,56): error C2664: 'int CListCtrl::InsertColumn(int,LPCTSTR,int,int,int)': 인수 2을(를) 'const char [5]'에서 'LPCTSTR'(으)로 변환할 수 없습니다.
D:\mfc_src\SearchFile\SearchFileDlg.cpp(123,30): message : 가리킨 형식이 관련이 없습니다. 변환하려면 reinterpret_cast, C 스타일 캐스트 또는 함수 스타일 캐스트가 필요합니다.
C:\Program Files (x86)\Microsoft Visual Studio\2019\Community\VC\Tools\MSVC\14.25.28610\atlmfc\include\afxcmn.h(531,6): message : 'CListCtrl::InsertColumn' 선언을 참조하십시오.
D:\mfc_src\SearchFile\SearchFileDlg.cpp(124,62): error C2664: 'int CListCtrl::InsertColumn(int,LPCTSTR,int,int,int)': 인수 2을(를) 'const char [11]'에서 'LPCTSTR'(으)로 변환할 수 없습니다.
D:\mfc_src\SearchFile\SearchFileDlg.cpp(124,30): message : 가리킨 형식이 관련이 없습니다. 변환하려면 reinterpret_cast, C 스타일 캐스트 또는 함수 스타일 캐스트가 필요합니다.
C:\Program Files (x86)\Microsoft Visual Studio\2019\Community\VC\Tools\MSVC\14.25.28610\atlmfc\include\afxcmn.h(531,6): message : 'CListCtrl::InsertColumn' 선언을 참조하십시오.
D:\mfc_src\SearchFile\SearchFileDlg.cpp(125,63): error C2664: 'int CListCtrl::InsertColumn(int,LPCTSTR,int,int,int)': 인수 2을(를) 'const char [9]'에서 'LPCTSTR'(으)로 변환할 수 없습니다.
D:\mfc_src\SearchFile\SearchFileDlg.cpp(125,30): message : 가리킨 형식이 관련이 없습니다. 변환하려면 reinterpret_cast, C 스타일 캐스트 또는 함수 스타일 캐스트가 필요합니다.
C:\Program Files (x86)\Microsoft Visual Studio\2019\Community\VC\Tools\MSVC\14.25.28610\atlmfc\include\afxcmn.h(531,6): message : 'CListCtrl::InsertColumn' 선언을 참조하십시오.
D:\mfc_src\SearchFile\SearchFileDlg.cpp(126,41): error C2664: 'LONG CTabCtrl::InsertItem(UINT,int,LPCTSTR,int,LPARAM,DWORD,DWORD)': 인수 2을(를) 'const char [13]'에서 'TCITEMW *'(으)로 변환할 수 없습니다.
D:\mfc_src\SearchFile\SearchFileDlg.cpp(126,22): message : 가리킨 형식이 관련이 없습니다. 변환하려면 reinterpret_cast, C 스타일 캐스트 또는 함수 스타일 캐스트가 필요합니다.
C:\Program Files (x86)\Microsoft Visual Studio\2019\Community\VC\Tools\MSVC\14.25.28610\atlmfc\include\afxcmn.h(1685,7): message : 'CTabCtrl::InsertItem' 선언을 참조하십시오.
D:\mfc_src\SearchFile\SearchFileDlg.cpp(129,31): error C2664: 'DWORD GetCurrentDirectoryW(DWORD,LPWSTR)': 인수 2을(를) 'char [256]'에서 'LPWSTR'(으)로 변환할 수 없습니다.
D:\mfc_src\SearchFile\SearchFileDlg.cpp(129,27): message : 가리킨 형식이 관련이 없습니다. 변환하려면 reinterpret_cast, C 스타일 캐스트 또는 함수 스타일 캐스트가 필요합니다.
C:\Program Files (x86)\Windows Kits\10\Include\10.0.18362.0\um\processenv.h(254,1): message : 'GetCurrentDirectoryW' 선언을 참조하십시오.
D:\mfc_src\SearchFile\SearchFileDlg.cpp(130,37): error C2664: 'void ATL::CStringT<wchar_t,StrTraitMFC_DLL<wchar_t,ATL::ChTraitsCRT<wchar_t>>>::Format(UINT,...)': 인수 1을(를) 'const char [3]'에서 'const wchar_t *'(으)로 변환할 수 없습니다.
D:\mfc_src\SearchFile\SearchFileDlg.cpp(130,27): message : 가리킨 형식이 관련이 없습니다. 변환하려면 reinterpret_cast, C 스타일 캐스트 또는 함수 스타일 캐스트가 필요합니다.
C:\Program Files (x86)\Microsoft Visual Studio\2019\Community\VC\Tools\MSVC\14.25.28610\atlmfc\include\cstringt.h(2182,15): message : 'ATL::CStringT<wchar_t,StrTraitMFC_DLL<wchar_t,ATL::ChTraitsCRT<wchar_t>>>::Format' 선언을 참조하십시오.
D:\mfc_src\SearchFile\SearchFileDlg.cpp(200,37): error C2593: 'operator ='이(가) 모호합니다.
C:\Program Files (x86)\Microsoft Visual Studio\2019\Community\VC\Tools\MSVC\14.25.28610\atlmfc\include\cstringt.h(1321,12): message : 'ATL::CStringT<wchar_t,StrTraitMFC_DLL<wchar_t,ATL::ChTraitsCRT<wchar_t>>> &ATL::CStringT<wchar_t,StrTraitMFC_DLL<wchar_t,ATL::ChTraitsCRT<wchar_t>>>::operator =(const char *)'일 수 있습니다.
C:\Program Files (x86)\Microsoft Visual Studio\2019\Community\VC\Tools\MSVC\14.25.28610\atlmfc\include\cstringt.h(1313,12): message : 또는       'ATL::CStringT<wchar_t,StrTraitMFC_DLL<wchar_t,ATL::ChTraitsCRT<wchar_t>>> &ATL::CStringT<wchar_t,StrTraitMFC_DLL<wchar_t,ATL::ChTraitsCRT<wchar_t>>>::operator =(const wchar_t *)'
D:\mfc_src\SearchFile\SearchFileDlg.cpp(200,37): message : 인수 목록 '(CString, _bstr_t)'을(를) 일치시키는 동안
D:\mfc_src\SearchFile\SearchFileDlg.cpp(204,36): error C2593: 'operator ='이(가) 모호합니다.
C:\Program Files (x86)\Microsoft Visual Studio\2019\Community\VC\Tools\MSVC\14.25.28610\atlmfc\include\cstringt.h(1321,12): message : 'ATL::CStringT<wchar_t,StrTraitMFC_DLL<wchar_t,ATL::ChTraitsCRT<wchar_t>>> &ATL::CStringT<wchar_t,StrTraitMFC_DLL<wchar_t,ATL::ChTraitsCRT<wchar_t>>>::operator =(const char *)'일 수 있습니다.
C:\Program Files (x86)\Microsoft Visual Studio\2019\Community\VC\Tools\MSVC\14.25.28610\atlmfc\include\cstringt.h(1313,12): message : 또는       'ATL::CStringT<wchar_t,StrTraitMFC_DLL<wchar_t,ATL::ChTraitsCRT<wchar_t>>> &ATL::CStringT<wchar_t,StrTraitMFC_DLL<wchar_t,ATL::ChTraitsCRT<wchar_t>>>::operator =(const wchar_t *)'
D:\mfc_src\SearchFile\SearchFileDlg.cpp(204,36): message : 인수 목록 '(CString, _bstr_t)'을(를) 일치시키는 동안
D:\mfc_src\SearchFile\SearchFileDlg.cpp(240,45): error C2664: 'int CListCtrlEx::AddItem(LPCTSTR,int,int,UINT,int,long)': 인수 1을(를) 'const char [9]'에서 'LPCTSTR'(으)로 변환할 수 없습니다.
D:\mfc_src\SearchFile\SearchFileDlg.cpp(240,25): message : 가리킨 형식이 관련이 없습니다. 변환하려면 reinterpret_cast, C 스타일 캐스트 또는 함수 스타일 캐스트가 필요합니다.
D:\mfc_src\SearchFile\CListCtrlEx.h(12,6): message : 'CListCtrlEx::AddItem' 선언을 참조하십시오.
D:\mfc_src\SearchFile\SearchFileDlg.cpp(268,34): error C2593: 'operator ='이(가) 모호합니다.
C:\Program Files (x86)\Microsoft Visual Studio\2019\Community\VC\Tools\MSVC\14.25.28610\atlmfc\include\cstringt.h(1321,12): message : 'ATL::CStringT<wchar_t,StrTraitMFC_DLL<wchar_t,ATL::ChTraitsCRT<wchar_t>>> &ATL::CStringT<wchar_t,StrTraitMFC_DLL<wchar_t,ATL::ChTraitsCRT<wchar_t>>>::operator =(const char *)'일 수 있습니다.
C:\Program Files (x86)\Microsoft Visual Studio\2019\Community\VC\Tools\MSVC\14.25.28610\atlmfc\include\cstringt.h(1313,12): message : 또는       'ATL::CStringT<wchar_t,StrTraitMFC_DLL<wchar_t,ATL::ChTraitsCRT<wchar_t>>> &ATL::CStringT<wchar_t,StrTraitMFC_DLL<wchar_t,ATL::ChTraitsCRT<wchar_t>>>::operator =(const wchar_t *)'
D:\mfc_src\SearchFile\SearchFileDlg.cpp(268,34): message : 인수 목록 '(CString, _bstr_t)'을(를) 일치시키는 동안
D:\mfc_src\SearchFile\SearchFileDlg.cpp(272,33): error C2593: 'operator ='이(가) 모호합니다.
C:\Program Files (x86)\Microsoft Visual Studio\2019\Community\VC\Tools\MSVC\14.25.28610\atlmfc\include\cstringt.h(1321,12): message : 'ATL::CStringT<wchar_t,StrTraitMFC_DLL<wchar_t,ATL::ChTraitsCRT<wchar_t>>> &ATL::CStringT<wchar_t,StrTraitMFC_DLL<wchar_t,ATL::ChTraitsCRT<wchar_t>>>::operator =(const char *)'일 수 있습니다.
C:\Program Files (x86)\Microsoft Visual Studio\2019\Community\VC\Tools\MSVC\14.25.28610\atlmfc\include\cstringt.h(1313,12): message : 또는       'ATL::CStringT<wchar_t,StrTraitMFC_DLL<wchar_t,ATL::ChTraitsCRT<wchar_t>>> &ATL::CStringT<wchar_t,StrTraitMFC_DLL<wchar_t,ATL::ChTraitsCRT<wchar_t>>>::operator =(const wchar_t *)'
D:\mfc_src\SearchFile\SearchFileDlg.cpp(272,33): message : 인수 목록 '(CString, _bstr_t)'을(를) 일치시키는 동안
D:\mfc_src\SearchFile\SearchFileDlg.cpp(304,45): error C2664: 'int CListCtrlEx::AddItem(LPCTSTR,int,int,UINT,int,long)': 인수 1을(를) 'const char [9]'에서 'LPCTSTR'(으)로 변환할 수 없습니다.
D:\mfc_src\SearchFile\SearchFileDlg.cpp(304,25): message : 가리킨 형식이 관련이 없습니다. 변환하려면 reinterpret_cast, C 스타일 캐스트 또는 함수 스타일 캐스트가 필요합니다.
D:\mfc_src\SearchFile\CListCtrlEx.h(12,6): message : 'CListCtrlEx::AddItem' 선언을 참조하십시오.
D:\mfc_src\SearchFile\SearchFileDlg.cpp(330,52): error C2664: 'int CWnd::MessageBoxW(LPCTSTR,LPCTSTR,UINT)': 인수 1을(를) 'const char [26]'에서 'LPCTSTR'(으)로 변환할 수 없습니다.
D:\mfc_src\SearchFile\SearchFileDlg.cpp(330,14): message : 가리킨 형식이 관련이 없습니다. 변환하려면 reinterpret_cast, C 스타일 캐스트 또는 함수 스타일 캐스트가 필요합니다.
C:\Program Files (x86)\Microsoft Visual Studio\2019\Community\VC\Tools\MSVC\14.25.28610\atlmfc\include\afxwin.h(2527,6): message : 'CWnd::MessageBoxW' 선언을 참조하십시오.
D:\mfc_src\SearchFile\SearchFileDlg.cpp(377,38): error C2593: 'operator ='이(가) 모호합니다.
C:\Program Files (x86)\Microsoft Visual Studio\2019\Community\VC\Tools\MSVC\14.25.28610\atlmfc\include\cstringt.h(1321,12): message : 'ATL::CStringT<wchar_t,StrTraitMFC_DLL<wchar_t,ATL::ChTraitsCRT<wchar_t>>> &ATL::CStringT<wchar_t,StrTraitMFC_DLL<wchar_t,ATL::ChTraitsCRT<wchar_t>>>::operator =(const char *)'일 수 있습니다.
C:\Program Files (x86)\Microsoft Visual Studio\2019\Community\VC\Tools\MSVC\14.25.28610\atlmfc\include\cstringt.h(1313,12): message : 또는       'ATL::CStringT<wchar_t,StrTraitMFC_DLL<wchar_t,ATL::ChTraitsCRT<wchar_t>>> &ATL::CStringT<wchar_t,StrTraitMFC_DLL<wchar_t,ATL::ChTraitsCRT<wchar_t>>>::operator =(const wchar_t *)'
D:\mfc_src\SearchFile\SearchFileDlg.cpp(377,38): message : 인수 목록 '(CString, _bstr_t)'을(를) 일치시키는 동안
D:\mfc_src\SearchFile\SearchFileDlg.cpp(379,37): error C2593: 'operator ='이(가) 모호합니다.
C:\Program Files (x86)\Microsoft Visual Studio\2019\Community\VC\Tools\MSVC\14.25.28610\atlmfc\include\cstringt.h(1321,12): message : 'ATL::CStringT<wchar_t,StrTraitMFC_DLL<wchar_t,ATL::ChTraitsCRT<wchar_t>>> &ATL::CStringT<wchar_t,StrTraitMFC_DLL<wchar_t,ATL::ChTraitsCRT<wchar_t>>>::operator =(const char *)'일 수 있습니다.
C:\Program Files (x86)\Microsoft Visual Studio\2019\Community\VC\Tools\MSVC\14.25.28610\atlmfc\include\cstringt.h(1313,12): message : 또는       'ATL::CStringT<wchar_t,StrTraitMFC_DLL<wchar_t,ATL::ChTraitsCRT<wchar_t>>> &ATL::CStringT<wchar_t,StrTraitMFC_DLL<wchar_t,ATL::ChTraitsCRT<wchar_t>>>::operator =(const wchar_t *)'
D:\mfc_src\SearchFile\SearchFileDlg.cpp(379,37): message : 인수 목록 '(CString, _bstr_t)'을(를) 일치시키는 동안
  코드를 생성하고 있습니다...
